<?xml version="1.0" encoding="UTF-8"?>
<!-- Generated by org.testng.reporters.JUnitXMLReporter -->
<testsuite ignored="3" hostname="Pritam-h17" failures="0" tests="1" name="Default test" time="3.108" errors="0" timestamp="2025-04-06T11:57:29 IST">
  <testcase classname="com.APIAutomation.test.TestExhecution" name="Login_Invalid_Credentials" time="3.047"/>
  <testcase classname="com.APIAutomation.test.TestExhecution" name="Successful_User_Registration" time="0.0">
    <ignored/>
  </testcase> <!-- Successful_User_Registration -->
  <testcase classname="com.APIAutomation.test.TestExhecution" name="Registration_with_Existing_Username" time="0.0">
    <ignored/>
  </testcase> <!-- Registration_with_Existing_Username -->
  <testcase classname="com.APIAutomation.test.TestExhecution" name="Login_valid_Credentials" time="0.0">
    <ignored/>
  </testcase> <!-- Login_valid_Credentials -->
</testsuite> <!-- Default test -->
