<?xml version="1.0" encoding="UTF-8"?>
<!-- Generated by org.testng.reporters.JUnitXMLReporter -->
<testsuite ignored="0" hostname="Pritam-h17" failures="0" tests="2" name="Default test" time="2.135" errors="0" timestamp="2025-03-31T12:31:32 IST">
  <testcase classname="com.APIAutomation.test.TestExhecution" name="Successful_User_Registration" time="2.046"/>
  <testcase classname="com.APIAutomation.test.TestExhecution" name="Registration_with_Existing_Username" time="0.044"/>
</testsuite> <!-- Default test -->
