<?xml version="1.0" encoding="UTF-8"?>
<!-- Generated by org.testng.reporters.JUnitXMLReporter -->
<testsuite ignored="0" hostname="Pritam-h17" failures="0" tests="2" name="Test" time="1.882" errors="0" timestamp="2025-04-01T07:58:30 IST">
  <testcase classname="com.APIAutomation.test.TestExhecution" name="Successful_User_Registration" time="1.786"/>
  <testcase classname="com.APIAutomation.test.TestExhecution" name="Registration_with_Existing_Username" time="0.047"/>
</testsuite> <!-- Test -->
